\BOOKMARK [1][-]{section.1}{\376\377\000I\000n\000t\000r\000o\000d\000u\000c\000t\000i\000o\000n}{}% 1
\BOOKMARK [1][-]{section.2}{\376\377\000P\000i\000x\000e\000l\000-\000B\000a\000s\000e\000d\000\040\000M\000a\000z\000e\000\040\000S\000o\000l\000v\000e\000r}{}% 2
\BOOKMARK [2][-]{subsection.2.1}{\376\377\000C\000o\000n\000c\000e\000p\000t}{section.2}% 3
\BOOKMARK [2][-]{subsection.2.2}{\376\377\000P\000s\000e\000u\000d\000o\000c\000o\000d\000e}{section.2}% 4
\BOOKMARK [2][-]{subsection.2.3}{\376\377\000E\000n\000h\000a\000n\000c\000e\000m\000e\000n\000t\000s\000\040\000a\000n\000d\000\040\000A\000d\000v\000a\000n\000c\000e\000m\000e\000n\000t}{section.2}% 5
\BOOKMARK [1][-]{section.3}{\376\377\000L\000o\000n\000g\000e\000s\000t\000-\000W\000h\000i\000t\000e\000-\000P\000a\000t\000h\000\040\000S\000o\000l\000v\000e\000r}{}% 6
\BOOKMARK [2][-]{subsection.3.1}{\376\377\000C\000o\000n\000c\000e\000p\000t}{section.3}% 7
\BOOKMARK [2][-]{subsection.3.2}{\376\377\000P\000s\000e\000u\000d\000o\000c\000o\000d\000e\000\040\000\050\000H\000e\000u\000r\000i\000s\000t\000i\000c\000\040\000D\000F\000S\000-\000B\000a\000s\000e\000d\000\040\000L\000o\000n\000g\000e\000s\000t\000\040\000P\000a\000t\000h\000\051}{section.3}% 8
\BOOKMARK [2][-]{subsection.3.3}{\376\377\000E\000n\000h\000a\000n\000c\000e\000m\000e\000n\000t\000s\000\040\000a\000n\000d\000\040\000A\000d\000v\000a\000n\000c\000e\000m\000e\000n\000t}{section.3}% 9
\BOOKMARK [1][-]{section.4}{\376\377\0001\0006\000-\000D\000i\000r\000e\000c\000t\000i\000o\000n\000\040\000B\000F\000S\000\040\000S\000o\000l\000v\000e\000r}{}% 10
\BOOKMARK [2][-]{subsection.4.1}{\376\377\000C\000o\000n\000c\000e\000p\000t}{section.4}% 11
\BOOKMARK [2][-]{subsection.4.2}{\376\377\000P\000s\000e\000u\000d\000o\000c\000o\000d\000e}{section.4}% 12
\BOOKMARK [2][-]{subsection.4.3}{\376\377\000E\000n\000h\000a\000n\000c\000e\000m\000e\000n\000t\000s\000\040\000a\000n\000d\000\040\000A\000d\000v\000a\000n\000c\000e\000m\000e\000n\000t}{section.4}% 13
\BOOKMARK [1][-]{section.5}{\376\377\000G\000r\000i\000d\000-\000B\000a\000s\000e\000d\000\040\000N\000e\000i\000g\000h\000b\000o\000r\000\040\000S\000o\000l\000v\000e\000r}{}% 14
\BOOKMARK [2][-]{subsection.5.1}{\376\377\000C\000o\000n\000c\000e\000p\000t}{section.5}% 15
\BOOKMARK [2][-]{subsection.5.2}{\376\377\000P\000s\000e\000u\000d\000o\000c\000o\000d\000e}{section.5}% 16
\BOOKMARK [2][-]{subsection.5.3}{\376\377\000E\000n\000h\000a\000n\000c\000e\000m\000e\000n\000t\000s\000\040\000a\000n\000d\000\040\000A\000d\000v\000a\000n\000c\000e\000m\000e\000n\000t}{section.5}% 17
\BOOKMARK [1][-]{section.6}{\376\377\000I\000m\000a\000g\000e\000-\000B\000a\000s\000e\000d\000\040\000T\000r\000a\000v\000e\000r\000s\000a\000l\000\040\000S\000o\000l\000v\000e\000r}{}% 18
\BOOKMARK [2][-]{subsection.6.1}{\376\377\000C\000o\000n\000c\000e\000p\000t}{section.6}% 19
\BOOKMARK [2][-]{subsection.6.2}{\376\377\000P\000s\000e\000u\000d\000o\000c\000o\000d\000e\000\040\000\050\000D\000i\000j\000k\000s\000t\000r\000a\000\040\000o\000n\000\040\000I\000m\000a\000g\000e\000\051}{section.6}% 20
\BOOKMARK [2][-]{subsection.6.3}{\376\377\000E\000n\000h\000a\000n\000c\000e\000m\000e\000n\000t\000s\000\040\000a\000n\000d\000\040\000A\000d\000v\000a\000n\000c\000e\000m\000e\000n\000t}{section.6}% 21
\BOOKMARK [1][-]{section.7}{\376\377\000L\000e\000f\000t\000/\000R\000i\000g\000h\000t\000/\000U\000p\000/\000D\000o\000w\000n\000\040\000D\000i\000r\000e\000c\000t\000i\000o\000n\000a\000l\000\040\000S\000o\000l\000v\000e\000r}{}% 22
\BOOKMARK [2][-]{subsection.7.1}{\376\377\000C\000o\000n\000c\000e\000p\000t}{section.7}% 23
\BOOKMARK [2][-]{subsection.7.2}{\376\377\000P\000s\000e\000u\000d\000o\000c\000o\000d\000e\000\040\000\050\000B\000F\000S\000\040\000w\000i\000t\000h\000\040\000D\000i\000r\000e\000c\000t\000i\000o\000n\000\040\000S\000t\000a\000t\000e\000\051}{section.7}% 24
\BOOKMARK [2][-]{subsection.7.3}{\376\377\000E\000n\000h\000a\000n\000c\000e\000m\000e\000n\000t\000s\000\040\000a\000n\000d\000\040\000A\000d\000v\000a\000n\000c\000e\000m\000e\000n\000t}{section.7}% 25
\BOOKMARK [1][-]{section.8}{\376\377\000O\000v\000e\000r\000a\000l\000l\000\040\000P\000r\000o\000g\000r\000e\000s\000s\000i\000o\000n\000\040\000a\000n\000d\000\040\000E\000n\000h\000a\000n\000c\000e\000m\000e\000n\000t\000s}{}% 26
